#
# A fatal error has been detected by the Java Runtime Environment:
#
#  EXCEPTION_ACCESS_VIOLATION (0xc0000005) at pc=0x00007ffea03eb006, pid=6292, tid=5548
#
# JRE version: OpenJDK Runtime Environment Zulu24.32+13-CA (24.0.2+12) (build 24.0.2+12)
# Java VM: OpenJDK 64-Bit Server VM Zulu24.32+13-CA (24.0.2+12, mixed mode, sharing, tiered, compressed oops, compressed class ptrs, g1 gc, windows-amd64)
# Problematic frame:
# C  [awt.dll+0xdb006]
#
# No core dump will be written. Minidumps are not enabled by default on client versions of Windows
#
# If you would like to submit a bug report, please visit:
#   http://www.azul.com/support/
# The crash happened outside the Java Virtual Machine in native code.
# See problematic frame for where to report the bug.
#

---------------  S U M M A R Y ------------

Command Line: -Dfile.encoding=UTF-8 assignmentPOE.Main

Host: Intel(R) Xeon(R) Platinum 8272CL CPU @ 2.60GHz, 4 cores, 15G,  Windows 11 , 64 bit Build 26100 (10.0.26100.4768)
Time: Mon Oct 13 13:53:45 2025 Coordinated Universal Time elapsed time: 986.631964 seconds (0d 0h 16m 26s)

---------------  T H R E A D  ---------------

Current thread (0x000001fee6f1fda0):  JavaThread "AWT-EventQueue-0"        [_thread_in_native, id=5548, stack(0x00000032eb600000,0x00000032eb700000) (1024K)]

Stack: [0x00000032eb600000,0x00000032eb700000],  sp=0x00000032eb6fee70,  free space=1019k
Native frames: (J=compiled Java code, j=interpreted, Vv=VM code, C=native code)
C  [awt.dll+0xdb006]  (no source info available)
C  [awt.dll+0xdc842]  (no source info available)
C  0x000001fed752cf40  (no source info available)

The last pc belongs to native method entry point (kind = native) (printed below).
Java frames: (J=compiled Java code, j=interpreted, Vv=VM code)
j  sun.awt.Win32GraphicsDevice.initNativeScale(I)V+0 java.desktop@24.0.2
j  sun.awt.Win32GraphicsDevice.initScaleFactors()V+60 java.desktop@24.0.2
j  sun.awt.Win32GraphicsDevice.displayChanged()V+16 java.desktop@24.0.2
j  sun.awt.Win32GraphicsEnvironment.displayChanged()V+271 java.desktop@24.0.2
j  sun.awt.windows.WToolkit.lambda$displayChanged$0()V+15 java.desktop@24.0.2
j  sun.awt.windows.WToolkit$$Lambda+0x000001fe810a86f0.run()V+0 java.desktop@24.0.2
j  java.awt.event.InvocationEvent.dispatch()V+47 java.desktop@24.0.2
j  java.awt.EventQueue.dispatchEventImpl(Ljava/awt/AWTEvent;Ljava/lang/Object;)V+21 java.desktop@24.0.2
j  java.awt.EventQueue.dispatchEvent(Ljava/awt/AWTEvent;)V+22 java.desktop@24.0.2
j  java.awt.EventDispatchThread.pumpOneEventForFilters(I)V+81 java.desktop@24.0.2
j  java.awt.EventDispatchThread.pumpEventsForFilter(ILjava/awt/Conditional;Ljava/awt/EventFilter;)V+35 java.desktop@24.0.2
j  java.awt.EventDispatchThread.pumpEventsForFilter(Ljava/awt/Conditional;Ljava/awt/EventFilter;)V+4 java.desktop@24.0.2
j  java.awt.WaitDispatchSupport$2.run()V+59 java.desktop@24.0.2
j  java.awt.event.InvocationEvent.dispatch()V+47 java.desktop@24.0.2
j  java.awt.EventQueue.dispatchEventImpl(Ljava/awt/AWTEvent;Ljava/lang/Object;)V+21 java.desktop@24.0.2
j  java.awt.EventQueue.dispatchEvent(Ljava/awt/AWTEvent;)V+22 java.desktop@24.0.2
j  java.awt.EventDispatchThread.pumpOneEventForFilters(I)V+81 java.desktop@24.0.2
j  java.awt.EventDispatchThread.pumpEventsForFilter(ILjava/awt/Conditional;Ljava/awt/EventFilter;)V+35 java.desktop@24.0.2
j  java.awt.EventDispatchThread.pumpEventsForHierarchy(ILjava/awt/Conditional;Ljava/awt/Component;)V+11 java.desktop@24.0.2
j  java.awt.EventDispatchThread.pumpEvents(ILjava/awt/Conditional;)V+4 java.desktop@24.0.2
j  java.awt.EventDispatchThread.pumpEvents(Ljava/awt/Conditional;)V+3 java.desktop@24.0.2
j  java.awt.EventDispatchThread.run()V+9 java.desktop@24.0.2
v  ~StubRoutines::call_stub 0x000001fed7520fcd

siginfo: EXCEPTION_ACCESS_VIOLATION (0xc0000005), reading address 0x0000000000002060


Registers:
RAX=0x0000000000002010, RBX=0x000001fee6f4ce80, RCX=0x0000000000002010, RDX=0x0000000000000000
RSP=0x00000032eb6fee70, RBP=0x00000032eb6fef48, RSI=0x0000000000000000, RDI=0x0000000000000000
R8 =0x0000000000000001, R9 =0x00000032e9ba8000, R10=0x000001fed752cfe0, R11=0x0000000000000100
R12=0x0000000000000000, R13=0x000001fec15c55b0, R14=0x00000032eb6fef70, R15=0x000001fee6f1fda0
RIP=0x00007ffea03eb006, EFLAGS=0x0000000000010202

XMM[0]=0x0000000000000000 0x0000000000000000
XMM[1]=0x0000000000000000 0x00000000bf800000
XMM[2]=0x0000000000000000 0x0000000000000000
XMM[3]=0x0000000000000000 0x0000000000000000
XMM[4]=0x0000000000000000 0x0000000000000000
XMM[5]=0x000001fe8028ee40 0x000001fe8028ed48
XMM[6]=0x0000000000000000 0x8fc30fe66c9d5dfb
XMM[7]=0x0000000000000000 0xb76c25743618890c
XMM[8]=0x0000000000000000 0x97058b370aa274b1
XMM[9]=0x0000000000000000 0x9e932d087ee8b7e0
XMM[10]=0x0000000000000000 0x00000000e0558ad8
XMM[11]=0x0000000000000000 0x69f3b40de8dc6bed
XMM[12]=0x0000000000000000 0x000000007ee8b7e0
XMM[13]=0x0000000000000000 0x0000000000000000
XMM[14]=0x0000000000000000 0x0000000000000000
XMM[15]=0x0000000000000000 0x0000000000000000
  MXCSR=0x00001fa2


Register to memory mapping:

RAX=0x0000000000002010 is an unknown value
RBX=0x000001fee6f4ce80 points into unknown readable memory: 0x000001fee6f36080 | 80 60 f3 e6 fe 01 00 00
RCX=0x0000000000002010 is an unknown value
RDX=0x0 is null
RSP=0x00000032eb6fee70 is pointing into the stack for thread: 0x000001fee6f1fda0
RBP=0x00000032eb6fef48 is pointing into the stack for thread: 0x000001fee6f1fda0
RSI=0x0 is null
RDI=0x0 is null
R8 =0x0000000000000001 is an unknown value
R9 =0x00000032e9ba8000 points into unknown readable memory: 0x0000000000000000 | 00 00 00 00 00 00 00 00
R10=0x000001fed752cfe0 is at code_begin+1152 in an Interpreter codelet
native method entry point (kind = native)  [0x000001fed752cb60, 0x000001fed752d6a0]  2880 bytes
R11=0x0000000000000100 is an unknown value
R12=0x0 is null
R13={method} {0x000001fec15c55b8} 'initNativeScale' '(I)V' in 'sun/awt/Win32GraphicsDevice'
R14=0x00000032eb6fef70 is pointing into the stack for thread: 0x000001fee6f1fda0
R15=0x000001fee6f1fda0 is a thread

Top of Stack: (sp=0x00000032eb6fee70)
0x00000032eb6fee70:   000001fee6f4ce80 0000000000000000   ................
0x00000032eb6fee80:   000001fec16c3b38 000001fee6f4ce80   8;l.............
0x00000032eb6fee90:   000001fee6f4ce80 00007ffea03ec842   ........B.>.....
0x00000032eb6feea0:   00007ffea0447838 000001fec15c55b0   8xD......U\.....
0x00000032eb6feeb0:   0000000000000000 0000000000000001   ................
0x00000032eb6feec0:   000001fed752899a 000001fed752cf40   ..R.....@.R.....
0x00000032eb6feed0:   000001fec15c55b0 0000000000000000   .U\.............
0x00000032eb6feee0:   0000010000000000 00000032eb6ff020   ........ .o.2...
0x00000032eb6feef0:   00000032eb6fefc8 00007ffea0c9e229   ..o.2...).......
0x00000032eb6fef00:   fffffffffffffff7 0000000000000000   ................
0x00000032eb6fef10:   0000000000000005 000001fec15c9c18   ..........\.....
0x00000032eb6fef20:   0000000000000000 000000070f6b74e8   .........tk.....
0x00000032eb6fef30:   000001fec15c55b0 0000000000000000   .U\.............
0x00000032eb6fef40:   00000032eb6fef68 00000032eb6fefc0   h.o.2.....o.2...
0x00000032eb6fef50:   000001fed7528800 0000000000000000   ..R.............
0x00000032eb6fef60:   000001fed752a437 0000000000000000   7.R.............
0x00000032eb6fef70:   000000070f6c92e8 fffffffffffffff7   ..l.............
0x00000032eb6fef80:   000001fec15c5c14 0000000000000002   .\\.............
0x00000032eb6fef90:   000001fec15c9c18 0000000000000000   ..\.............
0x00000032eb6fefa0:   000000070f6b74e8 000001fec15c5c60   .tk.....`\\.....
0x00000032eb6fefb0:   fffffffffffffff5 00000032eb6fefd0   ..........o.2...
0x00000032eb6fefc0:   00000032eb6ff020 000001fed7528800    .o.2.....R.....
0x00000032eb6fefd0:   000000070f6c92e8 fffffffffffffff7   ..l.............
0x00000032eb6fefe0:   000001fec15c73d0 0000000000000003   .s\.............
0x00000032eb6feff0:   000001fec15c9c18 0000000000000000   ..\.............
0x00000032eb6ff000:   000000070f6b74e8 000001fec15c7418   .tk......t\.....
0x00000032eb6ff010:   fffffffffffffff6 00000032eb6ff038   ........8.o.2...
0x00000032eb6ff020:   00000032eb6ff088 000001fed7528800   ..o.2.....R.....
0x00000032eb6ff030:   0000000000000000 000000070f6c92e8   ..........l.....
0x00000032eb6ff040:   fffffffffffffff7 000001fec12d1047   ........G.-.....
0x00000032eb6ff050:   0000000000000008 000001fec12d52d0   .........R-.....
0x00000032eb6ff060:   0000000000000000 000000070f8d4078   ........x@......

Instructions: (pc=0x00007ffea03eb006)
  0x00007ffea03eaf06:   11 45 d4 0f 11 45 e4 0f 11 45 f4 89 45 04 c7 45
  0x00007ffea03eaf16:   a0 68 00 00 00 0f 11 44 24 34 0f 11 44 24 44 0f
  0x00007ffea03eaf26:   11 44 24 54 0f 11 44 24 64 0f 11 44 24 74 0f 11
  0x00007ffea03eaf36:   45 84 89 45 94 c7 44 24 30 68 00 00 00 48 8d 55
  0x00007ffea03eaf46:   a0 49 8b ce ff 15 c8 59 06 00 85 c0 74 41 48 8d
  0x00007ffea03eaf56:   54 24 30 48 8b ce ff 15 b6 59 06 00 85 c0 74 2f
  0x00007ffea03eaf66:   48 8d 54 24 34 48 8d 4d a4 ff 15 eb 58 06 00 85
  0x00007ffea03eaf76:   c0 74 1c 48 8d 54 24 44 48 8d 4d b4 ff 15 d8 58
  0x00007ffea03eaf86:   06 00 85 c0 74 09 8b 44 24 54 39 45 c4 74 11 ff
  0x00007ffea03eaf96:   c7 3b 7b 0c 0f 8c 40 ff ff ff 8b 3d 7a 93 06 00
  0x00007ffea03eafa6:   48 8b cb e8 e2 d1 f4 ff 90 8b c7 48 8b 4d 10 48
  0x00007ffea03eafb6:   33 cc e8 b3 ee 00 00 4c 8d 9c 24 20 01 00 00 49
  0x00007ffea03eafc6:   8b 5b 28 49 8b 73 30 49 8b e3 41 5e 5f 5d c3 cc
  0x00007ffea03eafd6:   cc cc cc cc cc cc cc cc cc cc 48 8b 41 08 48 8b
  0x00007ffea03eafe6:   80 18 0c 00 00 c3 cc cc cc cc 48 8b 41 08 48 05
  0x00007ffea03eaff6:   00 04 00 00 c3 cc cc cc cc cc 40 53 48 83 ec 20
=>0x00007ffea03eb006:   83 79 50 00 48 8b d9 75 56 48 8b 49 28 4c 8d 44
  0x00007ffea03eb016:   24 38 48 8d 54 24 30 c7 44 24 30 00 00 80 bf c7
  0x00007ffea03eb026:   44 24 38 00 00 80 bf e8 4e ce 00 00 f3 0f 10 54
  0x00007ffea03eb036:   24 30 0f 57 c0 0f 2f d0 76 25 f3 0f 10 4c 24 38
  0x00007ffea03eb046:   0f 2f c8 76 1a f3 0f 5e 15 b9 8c 02 00 f3 0f 5e
  0x00007ffea03eb056:   0d b1 8c 02 00 f3 0f 11 53 48 f3 0f 11 4b 4c 48
  0x00007ffea03eb066:   83 c4 20 5b c3 cc cc cc cc cc 48 89 5c 24 10 48
  0x00007ffea03eb076:   89 74 24 18 57 41 56 41 57 48 83 ec 40 48 8b d9
  0x00007ffea03eb086:   48 83 79 18 00 75 14 b9 28 04 00 00 e8 a9 85 00
  0x00007ffea03eb096:   00 48 89 43 18 c7 00 28 00 00 00 48 8b 43 18 33
  0x00007ffea03eb0a6:   ff 66 89 78 0e 48 8b 4b 28 e8 5c 03 00 00 48 8b
  0x00007ffea03eb0b6:   f0 41 bf 01 00 00 00 45 8b c7 41 8b d7 48 8b c8
  0x00007ffea03eb0c6:   ff 15 f4 54 06 00 4c 8b f0 89 7c 24 30 48 8b 4b
  0x00007ffea03eb0d6:   18 48 89 4c 24 28 48 89 7c 24 20 45 8b cf 45 33
  0x00007ffea03eb0e6:   c0 48 8b d0 48 8b ce ff 15 ed 53 06 00 48 8b 53
  0x00007ffea03eb0f6:   30 48 8b 0b 8b 05 24 92 06 00 83 79 04 08 0f 8e


Stack slot to memory mapping:

stack at sp + 0 slots: 0x000001fee6f4ce80 points into unknown readable memory: 0x000001fee6f36080 | 80 60 f3 e6 fe 01 00 00
stack at sp + 1 slots: 0x0 is null
stack at sp + 2 slots: 0x000001fec16c3b38 is pointing into metadata
stack at sp + 3 slots: 0x000001fee6f4ce80 points into unknown readable memory: 0x000001fee6f36080 | 80 60 f3 e6 fe 01 00 00
stack at sp + 4 slots: 0x000001fee6f4ce80 points into unknown readable memory: 0x000001fee6f36080 | 80 60 f3 e6 fe 01 00 00
stack at sp + 5 slots: 0x00007ffea03ec842 awt.dll
stack at sp + 6 slots: 0x00007ffea0447838 awt.dll
stack at sp + 7 slots: {method} {0x000001fec15c55b8} 'initNativeScale' '(I)V' in 'sun/awt/Win32GraphicsDevice'

Lock stack of current Java thread (top to bottom):

native method entry point (kind = native)  [0x000001fed752cb60, 0x000001fed752d6a0]  2880 bytes
[MachCode]
  0x000001fed752cb60: 488b 4b08 | 0fb7 492e | 584c 8d74 | ccf8 6800 | 0000 0068 | 0000 0000 | 5055 488b | ec41 5568 
  0x000001fed752cb80: 0000 0000 | 4c8b 6b08 | 4d8d 6d38 | 5348 8b53 | 0848 8b52 | 0848 8b52 | 1848 8b52 | 7048 8b12 
  0x000001fed752cba0: 5248 8b53 | 1048 85d2 | 0f84 0700 | 0000 4881 | c208 0100 | 0052 488b | 5308 488b | 5208 488b 
  0x000001fed752cbc0: 5210 5249 | 8bc6 482b | c548 c1e8 | 0350 6800 | 0000 0068 | f7ff ffff | 41c6 8771 | 0400 0001 
  0x000001fed752cbe0: 488b 4310 | 4885 c074 | 208b 88cc | 0000 0083 | c102 8988 | cc00 0000 | 2388 e000 | 0000 0f84 
  0x000001fed752cc00: ea09 0000 | e9cd 0000 | 0048 8b43 | 1848 85c0 | 0f85 b000 | 0000 e805 | 0000 00e9 | 9900 0000 
  0x000001fed752cc20: 488b d348 | 8d44 2408 | 4c89 6dc0 | 498b cfc5 | f877 4989 | afb8 0300 | 0049 8987 | a803 0000 
  0x000001fed752cc40: 4883 ec20 | 40f6 c40f | 0f84 1900 | 0000 4883 | ec08 48b8 | e016 9da0 | fe7f 0000 | ffd0 4883 
  0x000001fed752cc60: c408 e90c | 0000 0048 | b8e0 169d | a0fe 7f00 | 00ff d048 | 83c4 2049 | c787 a803 | 0000 0000 
  0x000001fed752cc80: 0000 49c7 | 87b8 0300 | 0000 0000 | 0049 c787 | b003 0000 | 0000 0000 | c5f8 7749 | 837f 0800 
  0x000001fed752cca0: 0f84 0500 | 0000 e915 | 42ff ff4c | 8b6d c04c | 8b75 c84e | 8d74 f500 | c348 8b43 | 1848 85c0 
  0x000001fed752ccc0: 0f84 1000 | 0000 8b08 | 83c1 0289 | 0823 4814 | 0f84 1809 | 0000 493b | a7f0 0400 | 000f 8748 
  0x000001fed752cce0: 0000 0089 | 8424 00f0 | ffff 8984 | 2400 e0ff | ff89 8424 | 00d0 ffff | 8984 2400 | c0ff ff89 
  0x000001fed752cd00: 8424 00b0 | ffff 8984 | 2400 a0ff | ff89 8424 | 0090 ffff | 8984 2400 | 80ff ff49 | 3ba7 e804 
  0x000001fed752cd20: 0000 7607 | 4989 a7f0 | 0400 0041 | c687 7104 | 0000 0048 | 8b5d e84c | 8b5b 0845 | 0fb7 5b2e 
  0x000001fed752cd40: 41c1 e303 | 492b e348 | 83ec 2048 | 83e4 f04c | 8b5b 604d | 85db 0f85 | ab00 0000 | e805 0000 
  0x000001fed752cd60: 00e9 9900 | 0000 488b | d348 8d44 | 2408 4c89 | 6dc0 498b | cfc5 f877 | 4989 afb8 | 0300 0049 
  0x000001fed752cd80: 8987 a803 | 0000 4883 | ec20 40f6 | c40f 0f84 | 1900 0000 | 4883 ec08 | 48b8 0041 | 9da0 fe7f 
  0x000001fed752cda0: 0000 ffd0 | 4883 c408 | e90c 0000 | 0048 b800 | 419d a0fe | 7f00 00ff | d048 83c4 | 2049 c787 
  0x000001fed752cdc0: a803 0000 | 0000 0000 | 49c7 87b8 | 0300 0000 | 0000 0049 | c787 b003 | 0000 0000 | 0000 c5f8 
  0x000001fed752cde0: 7749 837f | 0800 0f84 | 0500 0000 | e9cf 40ff | ff4c 8b6d | c04c 8b75 | c84e 8d74 | f500 c348 
  0x000001fed752ce00: 8b5d e84c | 8b5b 6041 | ffd3 488b | 5de8 4889 | 4518 448b | 5b28 41f6 | c308 0f84 | 1b00 0000 
  0x000001fed752ce20: 4c8b 5b08 | 4d8b 5b08 | 4d8b 5b18 | 4d8b 5b70 | 4d8b 1b4c | 895d 1048 | 8d55 1048 | 8b43 5849 
  0x000001fed752ce40: ba70 8cd6 | a0fe 7f00 | 0049 3bc2 | 0f85 ab00 | 0000 e805 | 0000 00e9 | 9900 0000 | 488b d348 
  0x000001fed752ce60: 8d44 2408 | 4c89 6dc0 | 498b cfc5 | f877 4989 | afb8 0300 | 0049 8987 | a803 0000 | 4883 ec20 
  0x000001fed752ce80: 40f6 c40f | 0f84 1900 | 0000 4883 | ec08 48b8 | 0041 9da0 | fe7f 0000 | ffd0 4883 | c408 e90c 
  0x000001fed752cea0: 0000 0048 | b800 419d | a0fe 7f00 | 00ff d048 | 83c4 2049 | c787 a803 | 0000 0000 | 0000 49c7 
  0x000001fed752cec0: 87b8 0300 | 0000 0000 | 0049 c787 | b003 0000 | 0000 0000 | c5f8 7749 | 837f 0800 | 0f84 0500 
  0x000001fed752cee0: 0000 e9d9 | 3fff ff4c | 8b6d c04c | 8b75 c84e | 8d74 f500 | c348 8b5d | e848 8b43 | 5849 8d8f 
  0x000001fed752cf00: c803 0000 | 4c8d 15d5 | 0000 004d | 8997 b003 | 0000 c5f8 | 7749 89af | b803 0000 | 4989 a7a8 
  0x000001fed752cf20: 0300 0041 | c787 5404 | 0000 0400 | 0000 493b | a748 0500 | 0076 0749 | 89a7 4805 | 0000 ffd0 
  0x000001fed752cf40: 493b a748 | 0500 0072 | 0b49 c787 | 4805 0000 | 0000 0000 | c5f8 7748 | 83ec 10c5 | fb11 0424 
  0x000001fed752cf60: 4883 ec10 | 4889 0424 | 48c7 4424 | 0800 0000 | 0041 c787 | 5404 0000 | 0500 0000 | f083 4424 
  0x000001fed752cf80: c000 493b | 6f28 0f87 | 0e00 0000 | 4183 bf50 | 0400 0000 | 0f84 2000 | 0000 498b | cf4c 8be4 
  0x000001fed752cfa0: 4883 ec20 | 4883 e4f0 | 48b8 f0a5 | 9ea0 fe7f | 0000 ffd0 | 498b e44d | 33e4 41c7 | 8754 0400 
  0x000001fed752cfc0: 0008 0000 | 004d 8b97 | 7005 0000 | 4983 fa00 | 7435 49c7 | 8770 0500 | 0000 0000 | 0041 ffe2 
  0x000001fed752cfe0: 49ba 00bb | 52d7 fe01 | 0000 41ff | d248 83ec | 10c5 fb11 | 0424 4883 | ec10 4889 | 0424 48c7 
  0x000001fed752d000: 4424 0800 | 0000 0049 | c787 a803 | 0000 0000 | 0000 49c7 | 87b8 0300 | 0000 0000 | 0049 c787 
  0x000001fed752d020: b003 0000 | 0000 0000 | c5f8 774d | 8b9f 3804 | 0000 41c7 | 8300 0100 | 0000 0000 | 0049 bb3a 
  0x000001fed752d040: a452 d7fe | 0100 004c | 3b5d 180f | 855b 0200 | 0048 8b04 | 2448 83c4 | 1048 85c0 | 0f84 3502 
  0x000001fed752d060: 0000 a803 | 0f85 0800 | 0000 488b | 00e9 2502 | 0000 a801 | 0f85 0900 | 0000 488b | 40fe e914 
  0x000001fed752d080: 0200 0048 | 8b40 ff41 | 807f 4800 | 0f84 0502 | 0000 4883 | f800 0f84 | fb01 0000 | 4d8b 5f38 
  0x000001fed752d0a0: 4d85 db0f | 8414 0000 | 0049 83eb | 084d 895f | 384d 035f | 4049 8903 | e9da 0100 | 0048 81ec 
  0x000001fed752d0c0: f000 0000 | 4889 0424 | 4889 4c24 | 0848 8954 | 2410 4c89 | 4424 184c | 894c 2420 | 4c89 5424 
  0x000001fed752d0e0: 284c 895c | 2430 c5fb | 1144 2440 | c5fb 114c | 2448 c5fb | 1154 2450 | c5fb 115c | 2458 c5fb 
  0x000001fed752d100: 1164 2460 | c5fb 116c | 2468 62e1 | ff08 1144 | 240e 62e1 | ff08 114c | 240f 62e1 | ff08 1154 
  0x000001fed752d120: 2410 62e1 | ff08 115c | 2411 62e1 | ff08 1164 | 2412 62e1 | ff08 116c | 2413 62e1 | ff08 1174 
  0x000001fed752d140: 2414 62e1 | ff08 117c | 2415 6261 | ff08 1144 | 2416 6261 | ff08 114c | 2417 6261 | ff08 1154 
  0x000001fed752d160: 2418 6261 | ff08 115c | 2419 6261 | ff08 1164 | 241a 6261 | ff08 116c | 241b 6261 | ff08 1174 
  0x000001fed752d180: 241c 6261 | ff08 117c | 241d 498b | d748 8bc8 | 4883 ec20 | 40f6 c40f | 0f84 1900 | 0000 4883 
  0x000001fed752d1a0: ec08 48b8 | e018 91a0 | fe7f 0000 | ffd0 4883 | c408 e90c | 0000 0048 | b8e0 1891 | a0fe 7f00 
  0x000001fed752d1c0: 00ff d048 | 83c4 2062 | 61ff 0810 | 7c24 1d62 | 61ff 0810 | 7424 1c62 | 61ff 0810 | 6c24 1b62 
  0x000001fed752d1e0: 61ff 0810 | 6424 1a62 | 61ff 0810 | 5c24 1962 | 61ff 0810 | 5424 1862 | 61ff 0810 | 4c24 1762 
  0x000001fed752d200: 61ff 0810 | 4424 1662 | e1ff 0810 | 7c24 1562 | e1ff 0810 | 7424 1462 | e1ff 0810 | 6c24 1362 
  0x000001fed752d220: e1ff 0810 | 6424 1262 | e1ff 0810 | 5c24 1162 | e1ff 0810 | 5424 1062 | e1ff 0810 | 4c24 0f62 
  0x000001fed752d240: e1ff 0810 | 4424 0ec5 | fb10 6c24 | 68c5 fb10 | 6424 60c5 | fb10 5c24 | 58c5 fb10 | 5424 50c5 
  0x000001fed752d260: fb10 4c24 | 48c5 fb10 | 4424 404c | 8b5c 2430 | 4c8b 5424 | 284c 8b4c | 2420 4c8b | 4424 1848 
  0x000001fed752d280: 8b54 2410 | 488b 4c24 | 0848 8b04 | 2448 81c4 | f000 0000 | c5f8 7748 | 8945 1048 | 83ec 1048 
  0x000001fed752d2a0: 8904 2448 | c744 2408 | 0000 0000 | 4183 bfd0 | 0400 0002 | 0f85 bf00 | 0000 4881 | ec80 0000 
  0x000001fed752d2c0: 0048 8944 | 2478 4889 | 4c24 7048 | 8954 2468 | 4889 5c24 | 6048 896c | 2450 4889 | 7424 4848 
  0x000001fed752d2e0: 897c 2440 | 4c89 4424 | 384c 894c | 2430 4c89 | 5424 284c | 895c 2420 | 4c89 6424 | 184c 896c 
  0x000001fed752d300: 2410 4c89 | 7424 084c | 893c 244c | 8be4 4883 | ec20 4883 | e4f0 48b8 | 6074 d6a0 | fe7f 0000 
  0x000001fed752d320: ffd0 498b | e44c 8b3c | 244c 8b74 | 2408 4c8b | 6c24 104c | 8b64 2418 | 4c8b 5c24 | 204c 8b54 
  0x000001fed752d340: 2428 4c8b | 4c24 304c | 8b44 2438 | 488b 7c24 | 4048 8b74 | 2448 488b | 6c24 5048 | 8b5c 2460 
  0x000001fed752d360: 488b 5424 | 6848 8b4c | 2470 488b | 4424 7848 | 81c4 8000 | 0000 4d33 | e448 8b5d | e84c 8b6b 
  0x000001fed752d380: 084d 8d6d | 3849 837f | 0800 0f84 | bb00 0000 | e805 0000 | 00e9 9600 | 0000 488d | 4424 084c 
  0x000001fed752d3a0: 896d c049 | 8bcf c5f8 | 7749 89af | b803 0000 | 4989 87a8 | 0300 0048 | 83ec 2040 | f6c4 0f0f 
  0x000001fed752d3c0: 8419 0000 | 0048 83ec | 0848 b8a0 | 5f9d a0fe | 7f00 00ff | d048 83c4 | 08e9 0c00 | 0000 48b8 
  0x000001fed752d3e0: a05f 9da0 | fe7f 0000 | ffd0 4883 | c420 49c7 | 87a8 0300 | 0000 0000 | 0049 c787 | b803 0000 
  0x000001fed752d400: 0000 0000 | 49c7 87b0 | 0300 0000 | 0000 00c5 | f877 4983 | 7f08 000f | 8405 0000 | 00e9 9e3a 
  0x000001fed752d420: ffff 4c8b | 6dc0 4c8b | 75c8 4e8d | 74f5 00c3 | 48b9 e034 | 06a1 fe7f | 0000 4883 | e4f0 48b8 
  0x000001fed752d440: 1090 c3a0 | fe7f 0000 | ffd0 f444 | 8b5b 2841 | f6c3 200f | 8472 0100 | 0048 8d55 | a84c 8b5a 
  0x000001fed752d460: 084d 85db | 0f85 bb00 | 0000 e805 | 0000 00e9 | 9600 0000 | 488d 4424 | 084c 896d | c049 8bcf 
  0x000001fed752d480: c5f8 7749 | 89af b803 | 0000 4989 | 87a8 0300 | 0048 83ec | 2040 f6c4 | 0f0f 8419 | 0000 0048 
  0x000001fed752d4a0: 83ec 0848 | b8d0 5e9d | a0fe 7f00 | 00ff d048 | 83c4 08e9 | 0c00 0000 | 48b8 d05e | 9da0 fe7f 
  0x000001fed752d4c0: 0000 ffd0 | 4883 c420 | 49c7 87a8 | 0300 0000 | 0000 0049 | c787 b803 | 0000 0000 | 0000 49c7 
  0x000001fed752d4e0: 87b0 0300 | 0000 0000 | 00c5 f877 | 4983 7f08 | 000f 8405 | 0000 00e9 | c439 ffff | 4c8b 6dc0 
  0x000001fed752d500: 4c8b 75c8 | 4e8d 74f5 | 00c3 48b9 | e034 06a1 | fe7f 0000 | 4883 e4f0 | 48b8 1090 | c3a0 fe7f 
  0x000001fed752d520: 0000 ffd0 | f44c 896d | c04c 8b4a | 0848 c742 | 0800 0000 | 0045 8b87 | 5806 0000 | 4f3b 4c07 
  0x000001fed752d540: f80f 8542 | 0000 0041 | 83af 5806 | 0000 084f | 3b4c 07f0 | 0f84 2a00 | 0000 498b | 01a8 020f 
  0x000001fed752d560: 8512 0000 | 004c 8bc0 | 4983 c801 | f04d 0fb1 | 010f 840d | 0000 0041 | 8387 5806 | 0000 08e9 
  0x000001fed752d580: 0500 0000 | e93e 0000 | 004c 894a | 0848 8bca | 4883 ec20 | 40f6 c40f | 0f84 1900 | 0000 4883 
  0x000001fed752d5a0: ec08 48b8 | f030 9da0 | fe7f 0000 | ffd0 4883 | c408 e90c | 0000 0048 | b8f0 309d | a0fe 7f00 
  0x000001fed752d5c0: 00ff d048 | 83c4 204c | 8b6d c048 | 8b04 2448 | 83c4 10c5 | fb10 0424 | 4883 c410 | 4c8b 5d18 
  0x000001fed752d5e0: 41ff d34c | 8b5d f8c9 | 5f49 8be3 | ffe7 ba00 | 0000 00e8 | 0500 0000 | e996 0000 | 0048 8d44 
  0x000001fed752d600: 2408 4c89 | 6dc0 498b | cfc5 f877 | 4989 afb8 | 0300 0049 | 8987 a803 | 0000 4883 | ec20 40f6 
  0x000001fed752d620: c40f 0f84 | 1900 0000 | 4883 ec08 | 48b8 a025 | 9da0 fe7f | 0000 ffd0 | 4883 c408 | e90c 0000 
  0x000001fed752d640: 0048 b8a0 | 259d a0fe | 7f00 00ff | d048 83c4 | 2049 c787 | a803 0000 | 0000 0000 | 49c7 87b8 
  0x000001fed752d660: 0300 0000 | 0000 0049 | c787 b003 | 0000 0000 | 0000 c5f8 | 7749 837f | 0800 0f84 | 0500 0000 
  0x000001fed752d680: e93b 38ff | ff4c 8b6d | c04c 8b75 | c84e 8d74 | f500 c348 | 8b5d e8e9 | 3af6 ffff | 0f1f 4000 
[/MachCode]

---------------  P R O C E S S  ---------------

Threads class SMR info:
_java_thread_list=0x000001fee6eb18d0, length=15, elements={
0x000001fec74ef5c0, 0x000001fee64ffd20, 0x000001fee6500b40, 0x000001fee65042b0,
0x000001fee6506fe0, 0x000001fee6507c00, 0x000001fee6509870, 0x000001fee651dcd0,
0x000001fee652b050, 0x000001fee65bae40, 0x000001fee65c0db0, 0x000001fee6e85760,
0x000001fee66ad0b0, 0x000001fee6dac8a0, 0x000001fee6f1fda0
}

Java Threads: ( => current thread )
  0x000001fec74ef5c0 JavaThread "main"                              [_thread_blocked, id=3480, stack(0x00000032ea000000,0x00000032ea100000) (1024K)]
  0x000001fee64ffd20 JavaThread "Reference Handler"          daemon [_thread_blocked, id=6900, stack(0x00000032ea800000,0x00000032ea900000) (1024K)]
  0x000001fee6500b40 JavaThread "Finalizer"                  daemon [_thread_blocked, id=13120, stack(0x00000032ea900000,0x00000032eaa00000) (1024K)]
  0x000001fee65042b0 JavaThread "Signal Dispatcher"          daemon [_thread_blocked, id=6236, stack(0x00000032eaa00000,0x00000032eab00000) (1024K)]
  0x000001fee6506fe0 JavaThread "Attach Listener"            daemon [_thread_blocked, id=1972, stack(0x00000032eab00000,0x00000032eac00000) (1024K)]
  0x000001fee6507c00 JavaThread "Service Thread"             daemon [_thread_blocked, id=3856, stack(0x00000032eac00000,0x00000032ead00000) (1024K)]
  0x000001fee6509870 JavaThread "Monitor Deflation Thread"   daemon [_thread_blocked, id=4664, stack(0x00000032ead00000,0x00000032eae00000) (1024K)]
  0x000001fee651dcd0 JavaThread "C2 CompilerThread0"         daemon [_thread_blocked, id=3376, stack(0x00000032eae00000,0x00000032eaf00000) (1024K)]
  0x000001fee652b050 JavaThread "C1 CompilerThread0"         daemon [_thread_blocked, id=2684, stack(0x00000032eaf00000,0x00000032eb000000) (1024K)]
  0x000001fee65bae40 JavaThread "Notification Thread"        daemon [_thread_blocked, id=11988, stack(0x00000032eb000000,0x00000032eb100000) (1024K)]
  0x000001fee65c0db0 JavaThread "Common-Cleaner"             daemon [_thread_blocked, id=8452, stack(0x00000032eb100000,0x00000032eb200000) (1024K)]
  0x000001fee6e85760 JavaThread "Java2D Disposer"            daemon [_thread_blocked, id=5012, stack(0x00000032e9d00000,0x00000032e9e00000) (1024K)]
  0x000001fee66ad0b0 JavaThread "AWT-Shutdown"                      [_thread_blocked, id=1748, stack(0x00000032e9e00000,0x00000032e9f00000) (1024K)]
  0x000001fee6dac8a0 JavaThread "AWT-Windows"                daemon [_thread_in_native, id=5616, stack(0x00000032e9f00000,0x00000032ea000000) (1024K)]
=>0x000001fee6f1fda0 JavaThread "AWT-EventQueue-0"                  [_thread_in_native, id=5548, stack(0x00000032eb600000,0x00000032eb700000) (1024K)]
Total: 15

Other Threads:
  0x000001fee64eef90 VMThread "VM Thread"                           [id=8460, stack(0x00000032ea700000,0x00000032ea800000) (1024K)]
  0x000001fee64dfce0 WatcherThread "VM Periodic Task Thread"        [id=9608, stack(0x00000032ea600000,0x00000032ea700000) (1024K)]
  0x000001fec754efc0 WorkerThread "GC Thread#0"                     [id=500, stack(0x00000032ea100000,0x00000032ea200000) (1024K)]
  0x000001fec759e010 ConcurrentGCThread "G1 Main Marker"            [id=8812, stack(0x00000032ea200000,0x00000032ea300000) (1024K)]
  0x000001fec759f2c0 WorkerThread "G1 Conc#0"                       [id=6660, stack(0x00000032ea300000,0x00000032ea400000) (1024K)]
  0x000001fee63a2480 ConcurrentGCThread "G1 Refine#0"               [id=8984, stack(0x00000032ea400000,0x00000032ea500000) (1024K)]
  0x000001fee63a2f10 ConcurrentGCThread "G1 Service"                [id=7436, stack(0x00000032ea500000,0x00000032ea600000) (1024K)]
Total: 7

Threads with active compile tasks:
Total: 0

VM state: not at safepoint (normal execution)

VM Mutex/Monitor currently owned by a thread: None

Heap address: 0x0000000700000000, size: 4096 MB, Compressed Oops mode: Zero based, Oop shift amount: 3

CDS archive(s) mapped at: [0x000001fe80000000-0x000001fe80d40000-0x000001fe80d40000), size 13893632, SharedBaseAddress: 0x000001fe80000000, ArchiveRelocationMode: 1.
Compressed class space mapped at: 0x000001fe81000000-0x000001fec1000000, reserved size: 1073741824
UseCompressedClassPointers 1, UseCompactObjectHeaders 0
Narrow klass pointer bits 32, Max shift 3
Narrow klass base: 0x000001fe80000000, Narrow klass shift: 0
Encoding Range: [0x000001fe80000000 - 0x000001ff80000000), (4294967296 bytes)
Klass Range:    [0x000001fe80000000 - 0x000001fec1000000), (1090519040 bytes)
Klass ID Range:  [8 - 1090519033) (1090519025)

GC Precious Log:
 CardTable entry size: 512
 Card Set container configuration: InlinePtr #cards 4 size 8 Array Of Cards #cards 16 size 48 Howl #buckets 8 coarsen threshold 3686 Howl Bitmap #cards 512 size 80 coarsen threshold 460 Card regions per heap region 1 cards per card region 4096
 CPUs: 4 total, 4 available
 Memory: 16382M
 Large Page Support: Disabled
 NUMA Support: Disabled
 Compressed Oops: Enabled (Zero based)
 Heap Region Size: 2M
 Heap Min Capacity: 8M
 Heap Initial Capacity: 256M
 Heap Max Capacity: 4G
 Pre-touch: Disabled
 Parallel Workers: 4
 Concurrent Workers: 1
 Concurrent Refinement Workers: 4
 Periodic GC: Disabled

Heap:
 garbage-first heap   total reserved 4194304K, committed 264192K, used 11376K [0x0000000700000000, 0x0000000800000000)
  region size 2048K, 6 young (12288K), 0 survivors (0K)
 Metaspace       used 7541K, committed 7808K, reserved 1114112K
  class space    used 651K, committed 768K, reserved 1048576K

Heap Regions: E=young(eden), S=young(survivor), O=old, HS=humongous(starts), HC=humongous(continues), CS=collection set, F=free, TAMS=top-at-mark-start, PB=parsable bottom
|   0|0x0000000700000000, 0x0000000700000000, 0x0000000700200000|  0%| F|  |TAMS 0x0000000700000000| PB 0x0000000700000000| Untracked |  0
|   1|0x0000000700200000, 0x0000000700200000, 0x0000000700400000|  0%| F|  |TAMS 0x0000000700200000| PB 0x0000000700200000| Untracked |  0
|   2|0x0000000700400000, 0x0000000700400000, 0x0000000700600000|  0%| F|  |TAMS 0x0000000700400000| PB 0x0000000700400000| Untracked |  0
|   3|0x0000000700600000, 0x0000000700600000, 0x0000000700800000|  0%| F|  |TAMS 0x0000000700600000| PB 0x0000000700600000| Untracked |  0
|   4|0x0000000700800000, 0x0000000700800000, 0x0000000700a00000|  0%| F|  |TAMS 0x0000000700800000| PB 0x0000000700800000| Untracked |  0
|   5|0x0000000700a00000, 0x0000000700a00000, 0x0000000700c00000|  0%| F|  |TAMS 0x0000000700a00000| PB 0x0000000700a00000| Untracked |  0
|   6|0x0000000700c00000, 0x0000000700c00000, 0x0000000700e00000|  0%| F|  |TAMS 0x0000000700c00000| PB 0x0000000700c00000| Untracked |  0
|   7|0x0000000700e00000, 0x0000000700e00000, 0x0000000701000000|  0%| F|  |TAMS 0x0000000700e00000| PB 0x0000000700e00000| Untracked |  0
|   8|0x0000000701000000, 0x0000000701000000, 0x0000000701200000|  0%| F|  |TAMS 0x0000000701000000| PB 0x0000000701000000| Untracked |  0
|   9|0x0000000701200000, 0x0000000701200000, 0x0000000701400000|  0%| F|  |TAMS 0x0000000701200000| PB 0x0000000701200000| Untracked |  0
|  10|0x0000000701400000, 0x0000000701400000, 0x0000000701600000|  0%| F|  |TAMS 0x0000000701400000| PB 0x0000000701400000| Untracked |  0
|  11|0x0000000701600000, 0x0000000701600000, 0x0000000701800000|  0%| F|  |TAMS 0x0000000701600000| PB 0x0000000701600000| Untracked |  0
|  12|0x0000000701800000, 0x0000000701800000, 0x0000000701a00000|  0%| F|  |TAMS 0x0000000701800000| PB 0x0000000701800000| Untracked |  0
|  13|0x0000000701a00000, 0x0000000701a00000, 0x0000000701c00000|  0%| F|  |TAMS 0x0000000701a00000| PB 0x0000000701a00000| Untracked |  0
|  14|0x0000000701c00000, 0x0000000701c00000, 0x0000000701e00000|  0%| F|  |TAMS 0x0000000701c00000| PB 0x0000000701c00000| Untracked |  0
|  15|0x0000000701e00000, 0x0000000701e00000, 0x0000000702000000|  0%| F|  |TAMS 0x0000000701e00000| PB 0x0000000701e00000| Untracked |  0
|  16|0x0000000702000000, 0x0000000702000000, 0x0000000702200000|  0%| F|  |TAMS 0x0000000702000000| PB 0x0000000702000000| Untracked |  0
|  17|0x0000000702200000, 0x0000000702200000, 0x0000000702400000|  0%| F|  |TAMS 0x0000000702200000| PB 0x0000000702200000| Untracked |  0
|  18|0x0000000702400000, 0x0000000702400000, 0x0000000702600000|  0%| F|  |TAMS 0x0000000702400000| PB 0x0000000702400000| Untracked |  0
|  19|0x0000000702600000, 0x0000000702600000, 0x0000000702800000|  0%| F|  |TAMS 0x0000000702600000| PB 0x0000000702600000| Untracked |  0
|  20|0x0000000702800000, 0x0000000702800000, 0x0000000702a00000|  0%| F|  |TAMS 0x0000000702800000| PB 0x0000000702800000| Untracked |  0
|  21|0x0000000702a00000, 0x0000000702a00000, 0x0000000702c00000|  0%| F|  |TAMS 0x0000000702a00000| PB 0x0000000702a00000| Untracked |  0
|  22|0x0000000702c00000, 0x0000000702c00000, 0x0000000702e00000|  0%| F|  |TAMS 0x0000000702c00000| PB 0x0000000702c00000| Untracked |  0
|  23|0x0000000702e00000, 0x0000000702e00000, 0x0000000703000000|  0%| F|  |TAMS 0x0000000702e00000| PB 0x0000000702e00000| Untracked |  0
|  24|0x0000000703000000, 0x0000000703000000, 0x0000000703200000|  0%| F|  |TAMS 0x0000000703000000| PB 0x0000000703000000| Untracked |  0
|  25|0x0000000703200000, 0x0000000703200000, 0x0000000703400000|  0%| F|  |TAMS 0x0000000703200000| PB 0x0000000703200000| Untracked |  0
|  26|0x0000000703400000, 0x0000000703400000, 0x0000000703600000|  0%| F|  |TAMS 0x0000000703400000| PB 0x0000000703400000| Untracked |  0
|  27|0x0000000703600000, 0x0000000703600000, 0x0000000703800000|  0%| F|  |TAMS 0x0000000703600000| PB 0x0000000703600000| Untracked |  0
|  28|0x0000000703800000, 0x0000000703800000, 0x0000000703a00000|  0%| F|  |TAMS 0x0000000703800000| PB 0x0000000703800000| Untracked |  0
|  29|0x0000000703a00000, 0x0000000703a00000, 0x0000000703c00000|  0%| F|  |TAMS 0x0000000703a00000| PB 0x0000000703a00000| Untracked |  0
|  30|0x0000000703c00000, 0x0000000703c00000, 0x0000000703e00000|  0%| F|  |TAMS 0x0000000703c00000| PB 0x0000000703c00000| Untracked |  0
|  31|0x0000000703e00000, 0x0000000703e00000, 0x0000000704000000|  0%| F|  |TAMS 0x0000000703e00000| PB 0x0000000703e00000| Untracked |  0
|  32|0x0000000704000000, 0x0000000704000000, 0x0000000704200000|  0%| F|  |TAMS 0x0000000704000000| PB 0x0000000704000000| Untracked |  0
|  33|0x0000000704200000, 0x0000000704200000, 0x0000000704400000|  0%| F|  |TAMS 0x0000000704200000| PB 0x0000000704200000| Untracked |  0
|  34|0x0000000704400000, 0x0000000704400000, 0x0000000704600000|  0%| F|  |TAMS 0x0000000704400000| PB 0x0000000704400000| Untracked |  0
|  35|0x0000000704600000, 0x0000000704600000, 0x0000000704800000|  0%| F|  |TAMS 0x0000000704600000| PB 0x0000000704600000| Untracked |  0
|  36|0x0000000704800000, 0x0000000704800000, 0x0000000704a00000|  0%| F|  |TAMS 0x0000000704800000| PB 0x0000000704800000| Untracked |  0
|  37|0x0000000704a00000, 0x0000000704a00000, 0x0000000704c00000|  0%| F|  |TAMS 0x0000000704a00000| PB 0x0000000704a00000| Untracked |  0
|  38|0x0000000704c00000, 0x0000000704c00000, 0x0000000704e00000|  0%| F|  |TAMS 0x0000000704c00000| PB 0x0000000704c00000| Untracked |  0
|  39|0x0000000704e00000, 0x0000000704e00000, 0x0000000705000000|  0%| F|  |TAMS 0x0000000704e00000| PB 0x0000000704e00000| Untracked |  0
|  40|0x0000000705000000, 0x0000000705000000, 0x0000000705200000|  0%| F|  |TAMS 0x0000000705000000| PB 0x0000000705000000| Untracked |  0
|  41|0x0000000705200000, 0x0000000705200000, 0x0000000705400000|  0%| F|  |TAMS 0x0000000705200000| PB 0x0000000705200000| Untracked |  0
|  42|0x0000000705400000, 0x0000000705400000, 0x0000000705600000|  0%| F|  |TAMS 0x0000000705400000| PB 0x0000000705400000| Untracked |  0
|  43|0x0000000705600000, 0x0000000705600000, 0x0000000705800000|  0%| F|  |TAMS 0x0000000705600000| PB 0x0000000705600000| Untracked |  0
|  44|0x0000000705800000, 0x0000000705800000, 0x0000000705a00000|  0%| F|  |TAMS 0x0000000705800000| PB 0x0000000705800000| Untracked |  0
|  45|0x0000000705a00000, 0x0000000705a00000, 0x0000000705c00000|  0%| F|  |TAMS 0x0000000705a00000| PB 0x0000000705a00000| Untracked |  0
|  46|0x0000000705c00000, 0x0000000705c00000, 0x0000000705e00000|  0%| F|  |TAMS 0x0000000705c00000| PB 0x0000000705c00000| Untracked |  0
|  47|0x0000000705e00000, 0x0000000705e00000, 0x0000000706000000|  0%| F|  |TAMS 0x0000000705e00000| PB 0x0000000705e00000| Untracked |  0
|  48|0x0000000706000000, 0x0000000706000000, 0x0000000706200000|  0%| F|  |TAMS 0x0000000706000000| PB 0x0000000706000000| Untracked |  0
|  49|0x0000000706200000, 0x0000000706200000, 0x0000000706400000|  0%| F|  |TAMS 0x0000000706200000| PB 0x0000000706200000| Untracked |  0
|  50|0x0000000706400000, 0x0000000706400000, 0x0000000706600000|  0%| F|  |TAMS 0x0000000706400000| PB 0x0000000706400000| Untracked |  0
|  51|0x0000000706600000, 0x0000000706600000, 0x0000000706800000|  0%| F|  |TAMS 0x0000000706600000| PB 0x0000000706600000| Untracked |  0
|  52|0x0000000706800000, 0x0000000706800000, 0x0000000706a00000|  0%| F|  |TAMS 0x0000000706800000| PB 0x0000000706800000| Untracked |  0
|  53|0x0000000706a00000, 0x0000000706a00000, 0x0000000706c00000|  0%| F|  |TAMS 0x0000000706a00000| PB 0x0000000706a00000| Untracked |  0
|  54|0x0000000706c00000, 0x0000000706c00000, 0x0000000706e00000|  0%| F|  |TAMS 0x0000000706c00000| PB 0x0000000706c00000| Untracked |  0
|  55|0x0000000706e00000, 0x0000000706e00000, 0x0000000707000000|  0%| F|  |TAMS 0x0000000706e00000| PB 0x0000000706e00000| Untracked |  0
|  56|0x0000000707000000, 0x0000000707000000, 0x0000000707200000|  0%| F|  |TAMS 0x0000000707000000| PB 0x0000000707000000| Untracked |  0
|  57|0x0000000707200000, 0x0000000707200000, 0x0000000707400000|  0%| F|  |TAMS 0x0000000707200000| PB 0x0000000707200000| Untracked |  0
|  58|0x0000000707400000, 0x0000000707400000, 0x0000000707600000|  0%| F|  |TAMS 0x0000000707400000| PB 0x0000000707400000| Untracked |  0
|  59|0x0000000707600000, 0x0000000707600000, 0x0000000707800000|  0%| F|  |TAMS 0x0000000707600000| PB 0x0000000707600000| Untracked |  0
|  60|0x0000000707800000, 0x0000000707800000, 0x0000000707a00000|  0%| F|  |TAMS 0x0000000707800000| PB 0x0000000707800000| Untracked |  0
|  61|0x0000000707a00000, 0x0000000707a00000, 0x0000000707c00000|  0%| F|  |TAMS 0x0000000707a00000| PB 0x0000000707a00000| Untracked |  0
|  62|0x0000000707c00000, 0x0000000707c00000, 0x0000000707e00000|  0%| F|  |TAMS 0x0000000707c00000| PB 0x0000000707c00000| Untracked |  0
|  63|0x0000000707e00000, 0x0000000707e00000, 0x0000000708000000|  0%| F|  |TAMS 0x0000000707e00000| PB 0x0000000707e00000| Untracked |  0
|  64|0x0000000708000000, 0x0000000708000000, 0x0000000708200000|  0%| F|  |TAMS 0x0000000708000000| PB 0x0000000708000000| Untracked |  0
|  65|0x0000000708200000, 0x0000000708200000, 0x0000000708400000|  0%| F|  |TAMS 0x0000000708200000| PB 0x0000000708200000| Untracked |  0
|  66|0x0000000708400000, 0x0000000708400000, 0x0000000708600000|  0%| F|  |TAMS 0x0000000708400000| PB 0x0000000708400000| Untracked |  0
|  67|0x0000000708600000, 0x0000000708600000, 0x0000000708800000|  0%| F|  |TAMS 0x0000000708600000| PB 0x0000000708600000| Untracked |  0
|  68|0x0000000708800000, 0x0000000708800000, 0x0000000708a00000|  0%| F|  |TAMS 0x0000000708800000| PB 0x0000000708800000| Untracked |  0
|  69|0x0000000708a00000, 0x0000000708a00000, 0x0000000708c00000|  0%| F|  |TAMS 0x0000000708a00000| PB 0x0000000708a00000| Untracked |  0
|  70|0x0000000708c00000, 0x0000000708c00000, 0x0000000708e00000|  0%| F|  |TAMS 0x0000000708c00000| PB 0x0000000708c00000| Untracked |  0
|  71|0x0000000708e00000, 0x0000000708e00000, 0x0000000709000000|  0%| F|  |TAMS 0x0000000708e00000| PB 0x0000000708e00000| Untracked |  0
|  72|0x0000000709000000, 0x0000000709000000, 0x0000000709200000|  0%| F|  |TAMS 0x0000000709000000| PB 0x0000000709000000| Untracked |  0
|  73|0x0000000709200000, 0x0000000709200000, 0x0000000709400000|  0%| F|  |TAMS 0x0000000709200000| PB 0x0000000709200000| Untracked |  0
|  74|0x0000000709400000, 0x0000000709400000, 0x0000000709600000|  0%| F|  |TAMS 0x0000000709400000| PB 0x0000000709400000| Untracked |  0
|  75|0x0000000709600000, 0x0000000709600000, 0x0000000709800000|  0%| F|  |TAMS 0x0000000709600000| PB 0x0000000709600000| Untracked |  0
|  76|0x0000000709800000, 0x0000000709800000, 0x0000000709a00000|  0%| F|  |TAMS 0x0000000709800000| PB 0x0000000709800000| Untracked |  0
|  77|0x0000000709a00000, 0x0000000709a00000, 0x0000000709c00000|  0%| F|  |TAMS 0x0000000709a00000| PB 0x0000000709a00000| Untracked |  0
|  78|0x0000000709c00000, 0x0000000709c00000, 0x0000000709e00000|  0%| F|  |TAMS 0x0000000709c00000| PB 0x0000000709c00000| Untracked |  0
|  79|0x0000000709e00000, 0x0000000709e00000, 0x000000070a000000|  0%| F|  |TAMS 0x0000000709e00000| PB 0x0000000709e00000| Untracked |  0
|  80|0x000000070a000000, 0x000000070a000000, 0x000000070a200000|  0%| F|  |TAMS 0x000000070a000000| PB 0x000000070a000000| Untracked |  0
|  81|0x000000070a200000, 0x000000070a200000, 0x000000070a400000|  0%| F|  |TAMS 0x000000070a200000| PB 0x000000070a200000| Untracked |  0
|  82|0x000000070a400000, 0x000000070a400000, 0x000000070a600000|  0%| F|  |TAMS 0x000000070a400000| PB 0x000000070a400000| Untracked |  0
|  83|0x000000070a600000, 0x000000070a600000, 0x000000070a800000|  0%| F|  |TAMS 0x000000070a600000| PB 0x000000070a600000| Untracked |  0
|  84|0x000000070a800000, 0x000000070a800000, 0x000000070aa00000|  0%| F|  |TAMS 0x000000070a800000| PB 0x000000070a800000| Untracked |  0
|  85|0x000000070aa00000, 0x000000070aa00000, 0x000000070ac00000|  0%| F|  |TAMS 0x000000070aa00000| PB 0x000000070aa00000| Untracked |  0
|  86|0x000000070ac00000, 0x000000070ac00000, 0x000000070ae00000|  0%| F|  |TAMS 0x000000070ac00000| PB 0x000000070ac00000| Untracked |  0
|  87|0x000000070ae00000, 0x000000070ae00000, 0x000000070b000000|  0%| F|  |TAMS 0x000000070ae00000| PB 0x000000070ae00000| Untracked |  0
|  88|0x000000070b000000, 0x000000070b000000, 0x000000070b200000|  0%| F|  |TAMS 0x000000070b000000| PB 0x000000070b000000| Untracked |  0
|  89|0x000000070b200000, 0x000000070b200000, 0x000000070b400000|  0%| F|  |TAMS 0x000000070b200000| PB 0x000000070b200000| Untracked |  0
|  90|0x000000070b400000, 0x000000070b400000, 0x000000070b600000|  0%| F|  |TAMS 0x000000070b400000| PB 0x000000070b400000| Untracked |  0
|  91|0x000000070b600000, 0x000000070b600000, 0x000000070b800000|  0%| F|  |TAMS 0x000000070b600000| PB 0x000000070b600000| Untracked |  0
|  92|0x000000070b800000, 0x000000070b800000, 0x000000070ba00000|  0%| F|  |TAMS 0x000000070b800000| PB 0x000000070b800000| Untracked |  0
|  93|0x000000070ba00000, 0x000000070ba00000, 0x000000070bc00000|  0%| F|  |TAMS 0x000000070ba00000| PB 0x000000070ba00000| Untracked |  0
|  94|0x000000070bc00000, 0x000000070bc00000, 0x000000070be00000|  0%| F|  |TAMS 0x000000070bc00000| PB 0x000000070bc00000| Untracked |  0
|  95|0x000000070be00000, 0x000000070be00000, 0x000000070c000000|  0%| F|  |TAMS 0x000000070be00000| PB 0x000000070be00000| Untracked |  0
|  96|0x000000070c000000, 0x000000070c000000, 0x000000070c200000|  0%| F|  |TAMS 0x000000070c000000| PB 0x000000070c000000| Untracked |  0
|  97|0x000000070c200000, 0x000000070c200000, 0x000000070c400000|  0%| F|  |TAMS 0x000000070c200000| PB 0x000000070c200000| Untracked |  0
|  98|0x000000070c400000, 0x000000070c400000, 0x000000070c600000|  0%| F|  |TAMS 0x000000070c400000| PB 0x000000070c400000| Untracked |  0
|  99|0x000000070c600000, 0x000000070c600000, 0x000000070c800000|  0%| F|  |TAMS 0x000000070c600000| PB 0x000000070c600000| Untracked |  0
| 100|0x000000070c800000, 0x000000070c800000, 0x000000070ca00000|  0%| F|  |TAMS 0x000000070c800000| PB 0x000000070c800000| Untracked |  0
| 101|0x000000070ca00000, 0x000000070ca00000, 0x000000070cc00000|  0%| F|  |TAMS 0x000000070ca00000| PB 0x000000070ca00000| Untracked |  0
| 102|0x000000070cc00000, 0x000000070cc00000, 0x000000070ce00000|  0%| F|  |TAMS 0x000000070cc00000| PB 0x000000070cc00000| Untracked |  0
| 103|0x000000070ce00000, 0x000000070ce00000, 0x000000070d000000|  0%| F|  |TAMS 0x000000070ce00000| PB 0x000000070ce00000| Untracked |  0
| 104|0x000000070d000000, 0x000000070d000000, 0x000000070d200000|  0%| F|  |TAMS 0x000000070d000000| PB 0x000000070d000000| Untracked |  0
| 105|0x000000070d200000, 0x000000070d200000, 0x000000070d400000|  0%| F|  |TAMS 0x000000070d200000| PB 0x000000070d200000| Untracked |  0
| 106|0x000000070d400000, 0x000000070d400000, 0x000000070d600000|  0%| F|  |TAMS 0x000000070d400000| PB 0x000000070d400000| Untracked |  0
| 107|0x000000070d600000, 0x000000070d600000, 0x000000070d800000|  0%| F|  |TAMS 0x000000070d600000| PB 0x000000070d600000| Untracked |  0
| 108|0x000000070d800000, 0x000000070d800000, 0x000000070da00000|  0%| F|  |TAMS 0x000000070d800000| PB 0x000000070d800000| Untracked |  0
| 109|0x000000070da00000, 0x000000070da00000, 0x000000070dc00000|  0%| F|  |TAMS 0x000000070da00000| PB 0x000000070da00000| Untracked |  0
| 110|0x000000070dc00000, 0x000000070dc00000, 0x000000070de00000|  0%| F|  |TAMS 0x000000070dc00000| PB 0x000000070dc00000| Untracked |  0
| 111|0x000000070de00000, 0x000000070de00000, 0x000000070e000000|  0%| F|  |TAMS 0x000000070de00000| PB 0x000000070de00000| Untracked |  0
| 112|0x000000070e000000, 0x000000070e000000, 0x000000070e200000|  0%| F|  |TAMS 0x000000070e000000| PB 0x000000070e000000| Untracked |  0
| 113|0x000000070e200000, 0x000000070e200000, 0x000000070e400000|  0%| F|  |TAMS 0x000000070e200000| PB 0x000000070e200000| Untracked |  0
| 114|0x000000070e400000, 0x000000070e400000, 0x000000070e600000|  0%| F|  |TAMS 0x000000070e400000| PB 0x000000070e400000| Untracked |  0
| 115|0x000000070e600000, 0x000000070e600000, 0x000000070e800000|  0%| F|  |TAMS 0x000000070e600000| PB 0x000000070e600000| Untracked |  0
| 116|0x000000070e800000, 0x000000070e800000, 0x000000070ea00000|  0%| F|  |TAMS 0x000000070e800000| PB 0x000000070e800000| Untracked |  0
| 117|0x000000070ea00000, 0x000000070ea00000, 0x000000070ec00000|  0%| F|  |TAMS 0x000000070ea00000| PB 0x000000070ea00000| Untracked |  0
| 118|0x000000070ec00000, 0x000000070ec00000, 0x000000070ee00000|  0%| F|  |TAMS 0x000000070ec00000| PB 0x000000070ec00000| Untracked |  0
| 119|0x000000070ee00000, 0x000000070ee00000, 0x000000070f000000|  0%| F|  |TAMS 0x000000070ee00000| PB 0x000000070ee00000| Untracked |  0
| 120|0x000000070f000000, 0x000000070f000000, 0x000000070f200000|  0%| F|  |TAMS 0x000000070f000000| PB 0x000000070f000000| Untracked |  0
| 121|0x000000070f200000, 0x000000070f200000, 0x000000070f400000|  0%| F|  |TAMS 0x000000070f200000| PB 0x000000070f200000| Untracked |  0
| 122|0x000000070f400000, 0x000000070f48fb98, 0x000000070f600000| 28%| E|  |TAMS 0x000000070f400000| PB 0x000000070f400000| Complete |  0
| 123|0x000000070f600000, 0x000000070f800000, 0x000000070f800000|100%| E|CS|TAMS 0x000000070f600000| PB 0x000000070f600000| Complete |  0
| 124|0x000000070f800000, 0x000000070fa00000, 0x000000070fa00000|100%| E|CS|TAMS 0x000000070f800000| PB 0x000000070f800000| Complete |  0
| 125|0x000000070fa00000, 0x000000070fc00000, 0x000000070fc00000|100%| E|CS|TAMS 0x000000070fa00000| PB 0x000000070fa00000| Complete |  0
| 126|0x000000070fc00000, 0x000000070fe00000, 0x000000070fe00000|100%| E|CS|TAMS 0x000000070fc00000| PB 0x000000070fc00000| Complete |  0
| 127|0x000000070fe00000, 0x0000000710000000, 0x0000000710000000|100%| E|CS|TAMS 0x000000070fe00000| PB 0x000000070fe00000| Complete |  0
|2047|0x00000007ffe00000, 0x00000007fff1c318, 0x0000000800000000| 55%| O|  |TAMS 0x00000007ffe00000| PB 0x00000007ffe00000| Untracked |  0

Card table byte_map: [0x000001fedf7f0000,0x000001fedfff0000] _byte_map_base: 0x000001fedbff0000

Marking Bits: (CMBitMap*) 0x000001fec754f6d0
 Bits: [0x000001fedfff0000, 0x000001fee3ff0000)

Polling page: 0x000001fec55c0000

Metaspace:

Usage:
  Non-class:      6.73 MB used.
      Class:    651.39 KB used.
       Both:      7.36 MB used.

Virtual space:
  Non-class space:       64.00 MB reserved,       6.88 MB ( 11%) committed,  1 nodes.
      Class space:        1.00 GB reserved,     768.00 KB ( <1%) committed,  1 nodes.
             Both:        1.06 GB reserved,       7.62 MB ( <1%) committed. 

Chunk freelists:
   Non-Class:  8.98 MB
       Class:  15.24 MB
        Both:  24.22 MB

MaxMetaspaceSize: unlimited
CompressedClassSpaceSize: 1.00 GB
Initial GC threshold: 21.00 MB
Current GC threshold: 21.00 MB
CDS: on
 - commit_granule_bytes: 65536.
 - commit_granule_words: 8192.
 - virtual_space_node_default_size: 8388608.
 - enlarge_chunks_in_place: 1.
UseCompressedClassPointers 1, UseCompactObjectHeaders 0
Narrow klass pointer bits 32, Max shift 3
Narrow klass base: 0x000001fe80000000, Narrow klass shift: 0
Encoding Range: [0x000001fe80000000 - 0x000001ff80000000), (4294967296 bytes)
Klass Range:    [0x000001fe80000000 - 0x000001fec1000000), (1090519040 bytes)
Klass ID Range:  [8 - 1090519033) (1090519025)


Internal statistics:

num_allocs_failed_limit: 0.
num_arena_births: 132.
num_arena_deaths: 0.
num_vsnodes_births: 2.
num_vsnodes_deaths: 0.
num_space_committed: 122.
num_space_uncommitted: 0.
num_chunks_returned_to_freelist: 0.
num_chunks_taken_from_freelist: 204.
num_chunk_merges: 0.
num_chunk_splits: 105.
num_chunks_enlarged: 14.
num_inconsistent_stats: 0.

CodeHeap 'non-profiled nmethods': size=120064Kb used=214Kb max_used=214Kb free=119849Kb
 bounds [0x000001fed7ab0000, 0x000001fed7d20000, 0x000001fedeff0000]
CodeHeap 'profiled nmethods': size=120000Kb used=1066Kb max_used=1066Kb free=118933Kb
 bounds [0x000001fecfff0000, 0x000001fed0260000, 0x000001fed7520000]
CodeHeap 'non-nmethods': size=5696Kb used=1617Kb max_used=1633Kb free=4078Kb
 bounds [0x000001fed7520000, 0x000001fed7790000, 0x000001fed7ab0000]
CodeCache: size=245760Kb, used=2897Kb, max_used=2913Kb, free=242860Kb
 total_blobs=1432, nmethods=796, adapters=542, full_count=0
Compilation: enabled, stopped_count=0, restarted_count=0

Compilation events (20 events):
Event: 986.284 Thread 0x000001fee652b050  785       3       java.util.HashMap$EntryIterator::next (5 bytes)
Event: 986.284 Thread 0x000001fee652b050 nmethod 785 0x000001fed00f4108 code [0x000001fed00f4220, 0x000001fed00f44b0]
Event: 986.284 Thread 0x000001fee652b050  786       3       java.util.HashMap$EntryIterator::next (5 bytes)
Event: 986.284 Thread 0x000001fee652b050 nmethod 786 0x000001fed00f4508 code [0x000001fed00f4620, 0x000001fed00f47d8]
Event: 986.300 Thread 0x000001fee652b050  787       3       java.lang.invoke.InnerClassLambdaMetafactory::methodDesc (45 bytes)
Event: 986.302 Thread 0x000001fee652b050 nmethod 787 0x000001fed00f4808 code [0x000001fed00f4b00, 0x000001fed00f6820]
Event: 986.302 Thread 0x000001fee652b050  788       3       java.util.HashMap$KeyIterator::next (8 bytes)
Event: 986.303 Thread 0x000001fee652b050 nmethod 788 0x000001fed00f6908 code [0x000001fed00f6a20, 0x000001fed00f6be0]
Event: 986.303 Thread 0x000001fee652b050  789       3       java.beans.PropertyChangeSupport::firePropertyChange (35 bytes)
Event: 986.303 Thread 0x000001fee652b050 nmethod 789 0x000001fed00f6c08 code [0x000001fed00f6d80, 0x000001fed00f7508]
Event: 986.329 Thread 0x000001fee651dcd0  790       4       java.util.HashMap::hash (20 bytes)
Event: 986.330 Thread 0x000001fee652b050  791   !   3       java.awt.Toolkit::setDesktopProperty (81 bytes)
Event: 986.330 Thread 0x000001fee651dcd0 nmethod 790 0x000001fed7ae4888 code [0x000001fed7ae4980, 0x000001fed7ae4a78]
Event: 986.330 Thread 0x000001fee652b050 nmethod 791 0x000001fed00f7588 code [0x000001fed00f7720, 0x000001fed00f8030]
Event: 986.351 Thread 0x000001fee652b050  792       3       java.util.HashMap::resize (356 bytes)
Event: 986.352 Thread 0x000001fee652b050 nmethod 792 0x000001fed00f8088 code [0x000001fed00f82a0, 0x000001fed00f95b0]
Event: 986.454 Thread 0x000001fee652b050  793       3       java.lang.StringConcatHelper::doConcat (59 bytes)
Event: 986.455 Thread 0x000001fee652b050 nmethod 793 0x000001fed00f9608 code [0x000001fed00f97e0, 0x000001fed00fa6f8]
Event: 986.484 Thread 0x000001fee652b050  794       3       java.lang.Math::max (12 bytes)
Event: 986.484 Thread 0x000001fee652b050 nmethod 794 0x000001fed00fa788 code [0x000001fed00fa8a0, 0x000001fed00fa9d0]

GC Heap History (0 events):
No events

Dll operation events (9 events):
Event: 0.009 Loaded shared library C:\Program Files\Apache NetBeans\jdk\bin\java.dll
Event: 0.044 Loaded shared library C:\Program Files\Apache NetBeans\jdk\bin\jsvml.dll
Event: 0.050 Loaded shared library C:\Program Files\Apache NetBeans\jdk\bin\net.dll
Event: 0.051 Loaded shared library C:\Program Files\Apache NetBeans\jdk\bin\nio.dll
Event: 0.054 Loaded shared library C:\Program Files\Apache NetBeans\jdk\bin\zip.dll
Event: 0.075 Loaded shared library C:\Program Files\Apache NetBeans\jdk\bin\jimage.dll
Event: 269.569 Loaded shared library C:\Program Files\Apache NetBeans\jdk\bin\awt.dll
Event: 269.703 Loaded shared library C:\Program Files\Apache NetBeans\jdk\bin\freetype.dll
Event: 269.704 Loaded shared library C:\Program Files\Apache NetBeans\jdk\bin\fontmanager.dll

Deoptimization events (20 events):
Event: 168.724 Thread 0x000001fec74ef5c0 Uncommon trap: trap_request=0xffffffde fr.pc=0x000001fed7aba4e4 relative=0x0000000000000304
Event: 168.724 Thread 0x000001fec74ef5c0 Uncommon trap: reason=class_check action=maybe_recompile pc=0x000001fed7aba4e4 method=java.util.regex.Pattern$BmpCharPropertyGreedy.match(Ljava/util/regex/Matcher;ILjava/lang/CharSequence;)Z @ 26 c2
Event: 168.724 Thread 0x000001fec74ef5c0 DEOPT PACKING pc=0x000001fed7aba4e4 sp=0x00000032ea0fee80
Event: 168.724 Thread 0x000001fec74ef5c0 DEOPT UNPACKING pc=0x000001fed7646302 sp=0x00000032ea0fee38 mode 2
Event: 168.724 Thread 0x000001fec74ef5c0 Uncommon trap: trap_request=0xffffffde fr.pc=0x000001fed7aba4e4 relative=0x0000000000000304
Event: 168.724 Thread 0x000001fec74ef5c0 Uncommon trap: reason=class_check action=maybe_recompile pc=0x000001fed7aba4e4 method=java.util.regex.Pattern$BmpCharPropertyGreedy.match(Ljava/util/regex/Matcher;ILjava/lang/CharSequence;)Z @ 26 c2
Event: 168.724 Thread 0x000001fec74ef5c0 DEOPT PACKING pc=0x000001fed7aba4e4 sp=0x00000032ea0fee80
Event: 168.724 Thread 0x000001fec74ef5c0 DEOPT UNPACKING pc=0x000001fed7646302 sp=0x00000032ea0fee38 mode 2
Event: 215.851 Thread 0x000001fec74ef5c0 Uncommon trap: trap_request=0xffffffde fr.pc=0x000001fed7aba4e4 relative=0x0000000000000304
Event: 215.851 Thread 0x000001fec74ef5c0 Uncommon trap: reason=class_check action=maybe_recompile pc=0x000001fed7aba4e4 method=java.util.regex.Pattern$BmpCharPropertyGreedy.match(Ljava/util/regex/Matcher;ILjava/lang/CharSequence;)Z @ 26 c2
Event: 215.851 Thread 0x000001fec74ef5c0 DEOPT PACKING pc=0x000001fed7aba4e4 sp=0x00000032ea0fee80
Event: 215.851 Thread 0x000001fec74ef5c0 DEOPT UNPACKING pc=0x000001fed7646302 sp=0x00000032ea0fee38 mode 2
Event: 215.851 Thread 0x000001fec74ef5c0 Uncommon trap: trap_request=0xffffffde fr.pc=0x000001fed7aba4e4 relative=0x0000000000000304
Event: 215.851 Thread 0x000001fec74ef5c0 Uncommon trap: reason=class_check action=maybe_recompile pc=0x000001fed7aba4e4 method=java.util.regex.Pattern$BmpCharPropertyGreedy.match(Ljava/util/regex/Matcher;ILjava/lang/CharSequence;)Z @ 26 c2
Event: 215.851 Thread 0x000001fec74ef5c0 DEOPT PACKING pc=0x000001fed7aba4e4 sp=0x00000032ea0fee80
Event: 215.851 Thread 0x000001fec74ef5c0 DEOPT UNPACKING pc=0x000001fed7646302 sp=0x00000032ea0fee38 mode 2
Event: 269.820 Thread 0x000001fec74ef5c0 Uncommon trap: trap_request=0xffffff4d fr.pc=0x000001fed7ad6118 relative=0x0000000000000558
Event: 269.820 Thread 0x000001fec74ef5c0 Uncommon trap: reason=unstable_if action=reinterpret pc=0x000001fed7ad6118 method=java.lang.StringLatin1.replace([BCC)Ljava/lang/String; @ 19 c2
Event: 269.820 Thread 0x000001fec74ef5c0 DEOPT PACKING pc=0x000001fed7ad6118 sp=0x00000032ea0fe460
Event: 269.820 Thread 0x000001fec74ef5c0 DEOPT UNPACKING pc=0x000001fed7646302 sp=0x00000032ea0fe3e0 mode 2

Classes loaded (20 events):
Event: 269.855 Loading class sun/awt/im/InputMethodAdapter done
Event: 269.855 Loading class sun/awt/windows/WInputMethod done
Event: 269.857 Loading class sun/awt/im/CompositionAreaHandler
Event: 269.857 Loading class sun/awt/im/CompositionAreaHandler done
Event: 269.857 Loading class java/text/AttributedString
Event: 269.857 Loading class java/text/AttributedString done
Event: 269.857 Loading class java/text/AttributedString$AttributedStringIterator
Event: 269.857 Loading class java/text/AttributedCharacterIterator
Event: 269.857 Loading class java/text/CharacterIterator
Event: 269.857 Loading class java/text/CharacterIterator done
Event: 269.857 Loading class java/text/AttributedCharacterIterator done
Event: 269.857 Loading class java/text/AttributedString$AttributedStringIterator done
Event: 269.858 Loading class java/awt/TextComponent
Event: 269.858 Loading class java/awt/TextComponent done
Event: 269.858 Loading class javax/swing/text/JTextComponent
Event: 269.858 Loading class javax/swing/Scrollable
Event: 269.858 Loading class javax/swing/Scrollable done
Event: 269.858 Loading class javax/swing/text/JTextComponent done
Event: 986.484 Loading class java/util/ArrayList$ListItr
Event: 986.484 Loading class java/util/ArrayList$ListItr done

Classes unloaded (0 events):
No events

Classes redefined (0 events):
No events

Internal exceptions (20 events):
Event: 269.707 Thread 0x000001fec74ef5c0 Exception <a 'java/lang/NoSuchMethodError'{0x000000070f9b65e0}: 'int java.lang.invoke.DirectMethodHandle$Holder.invokeStaticInit(java.lang.Object, int)'> (0x000000070f9b65e0) 
thrown [s\src\hotspot\share\interpreter\linkResolver.cpp, line 805]
Event: 269.708 Thread 0x000001fec74ef5c0 Exception <a 'java/lang/NoSuchMethodError'{0x000000070f9bed78}: 'long java.lang.invoke.DirectMethodHandle$Holder.invokeStatic(java.lang.Object, java.lang.Object)'> (0x000000070f9bed78) 
thrown [s\src\hotspot\share\interpreter\linkResolver.cpp, line 805]
Event: 269.709 Thread 0x000001fec74ef5c0 Exception <a 'java/lang/NoSuchMethodError'{0x000000070f9c6d98}: 'long java.lang.invoke.DirectMethodHandle$Holder.invokeStaticInit(java.lang.Object, java.lang.Object)'> (0x000000070f9c6d98) 
thrown [s\src\hotspot\share\interpreter\linkResolver.cpp, line 805]
Event: 269.709 Thread 0x000001fec74ef5c0 Exception <a 'java/lang/NoSuchMethodError'{0x000000070f9cf420}: 'java.lang.Object java.lang.invoke.DirectMethodHandle$Holder.invokeStatic(java.lang.Object, long, java.lang.Object)'> (0x000000070f9cf420) 
thrown [s\src\hotspot\share\interpreter\linkResolver.cpp, line 805]
Event: 269.710 Thread 0x000001fec74ef5c0 Exception <a 'java/lang/NoSuchMethodError'{0x000000070f9d7538}: 'java.lang.Object java.lang.invoke.DirectMethodHandle$Holder.invokeStaticInit(java.lang.Object, long, java.lang.Object)'> (0x000000070f9d7538) 
thrown [s\src\hotspot\share\interpreter\linkResolver.cpp, line 805]
Event: 269.710 Thread 0x000001fec74ef5c0 Exception <a 'java/lang/NoSuchMethodError'{0x000000070f9df970}: 'java.lang.Object java.lang.invoke.DirectMethodHandle$Holder.invokeStatic(java.lang.Object, long)'> (0x000000070f9df970) 
thrown [s\src\hotspot\share\interpreter\linkResolver.cpp, line 805]
Event: 269.710 Thread 0x000001fec74ef5c0 Exception <a 'java/lang/NoSuchMethodError'{0x000000070f9e7990}: 'java.lang.Object java.lang.invoke.DirectMethodHandle$Holder.invokeStaticInit(java.lang.Object, long)'> (0x000000070f9e7990) 
thrown [s\src\hotspot\share\interpreter\linkResolver.cpp, line 805]
Event: 269.715 Thread 0x000001fec74ef5c0 Exception <a 'java/lang/NoSuchMethodError'{0x000000070f610768}: 'long java.lang.invoke.DirectMethodHandle$Holder.invokeStaticInit(java.lang.Object, long, long, long, long)'> (0x000000070f610768) 
thrown [s\src\hotspot\share\interpreter\linkResolver.cpp, line 805]
Event: 269.715 Thread 0x000001fec74ef5c0 Exception <a 'java/lang/NoSuchMethodError'{0x000000070f6192e0}: 'java.lang.Object java.lang.invoke.DirectMethodHandle$Holder.invokeInterface(java.lang.Object, java.lang.Object, long, long)'> (0x000000070f6192e0) 
thrown [s\src\hotspot\share\interpreter\linkResolver.cpp, line 805]
Event: 269.717 Thread 0x000001fec74ef5c0 Exception <a 'java/lang/NoSuchMethodError'{0x000000070f631bc8}: 'void java.lang.invoke.DirectMethodHandle$Holder.invokeStaticInit(java.lang.Object, java.lang.Object, long, java.lang.Object)'> (0x000000070f631bc8) 
thrown [s\src\hotspot\share\interpreter\linkResolver.cpp, line 805]
Event: 269.717 Thread 0x000001fec74ef5c0 Exception <a 'java/lang/NoSuchMethodError'{0x000000070f63a7b0}: 'long java.lang.invoke.DirectMethodHandle$Holder.invokeStatic(java.lang.Object, long, long)'> (0x000000070f63a7b0) 
thrown [s\src\hotspot\share\interpreter\linkResolver.cpp, line 805]
Event: 269.719 Thread 0x000001fec74ef5c0 Exception <a 'java/lang/NoSuchMethodError'{0x000000070f6539f0}: 'java.lang.Object java.lang.invoke.DirectMethodHandle$Holder.invokeStatic(java.lang.Object, int, java.lang.Object, java.lang.Object, java.lang.Object)'> (0x000000070f6539f0) 
thrown [s\src\hotspot\share\interpreter\linkResolver.cpp, line 805]
Event: 269.720 Thread 0x000001fec74ef5c0 Exception <a 'java/lang/NoSuchMethodError'{0x000000070f664128}: 'java.lang.Object java.lang.invoke.DirectMethodHandle$Holder.newInvokeSpecial(java.lang.Object, int, java.lang.Object)'> (0x000000070f664128) 
thrown [s\src\hotspot\share\interpreter\linkResolver.cpp, line 805]
Event: 269.769 Thread 0x000001fec74ef5c0 Exception <a 'java/lang/NoSuchMethodError'{0x000000070f6f2260}: 'void java.lang.invoke.DelegatingMethodHandle$Holder.reinvoke_L(java.lang.Object, java.lang.Object, java.lang.Object, java.lang.Object, long, long, float)'> (0x000000070f6f2260) 
thrown [s\src\hotspot\share\interpreter\linkResolver.cpp, line 805]
Event: 269.772 Thread 0x000001fec74ef5c0 Exception <a 'java/lang/NoSuchMethodError'{0x000000070f712600}: 'java.lang.Object java.lang.invoke.DirectMethodHandle$Holder.invokeStatic(java.lang.Object, java.lang.Object, java.lang.Object, java.lang.Object, java.lang.Object, long)'> (0x000000070f712600) 
thrown [s\src\hotspot\share\interpreter\linkResolver.cpp, line 805]
Event: 269.776 Thread 0x000001fec74ef5c0 Exception <a 'java/lang/NoSuchMethodError'{0x000000070f755cf0}: 'float java.lang.invoke.DelegatingMethodHandle$Holder.reinvoke_L(java.lang.Object, java.lang.Object, java.lang.Object, java.lang.Object, long, long)'> (0x000000070f755cf0) 
thrown [s\src\hotspot\share\interpreter\linkResolver.cpp, line 805]
Event: 269.800 Thread 0x000001fee6dac8a0 Exception <a 'java/lang/NoSuchMethodError'{0x000000070fdc5fc0}: 'void java.lang.invoke.DirectMethodHandle$Holder.invokeVirtual(java.lang.Object, java.lang.Object)'> (0x000000070fdc5fc0) 
thrown [s\src\hotspot\share\interpreter\linkResolver.cpp, line 805]
Event: 269.812 Thread 0x000001fec74ef5c0 Exception <a 'java/lang/NoSuchMethodError'{0x000000070f4028c0}: 'void java.lang.invoke.DirectMethodHandle$Holder.invokeStaticInit(java.lang.Object)'> (0x000000070f4028c0) 
thrown [s\src\hotspot\share\interpreter\linkResolver.cpp, line 805]
Event: 269.825 Thread 0x000001fec74ef5c0 Exception <a 'java/lang/NoSuchMethodError'{0x000000070f42a4b0}: 'void java.lang.invoke.DirectMethodHandle$Holder.invokeStatic(java.lang.Object, java.lang.Object)'> (0x000000070f42a4b0) 
thrown [s\src\hotspot\share\interpreter\linkResolver.cpp, line 805]
Event: 269.844 Thread 0x000001fec74ef5c0 Exception <a 'java/lang/NoSuchMethodError'{0x000000070f451e10}: 'int java.lang.invoke.DirectMethodHandle$Holder.invokeStatic(java.lang.Object)'> (0x000000070f451e10) 
thrown [s\src\hotspot\share\interpreter\linkResolver.cpp, line 805]

VM Operations (20 events):
Event: 120.226 Executing VM operation: HandshakeAllThreads (HandshakeForDeflation)
Event: 120.226 Executing VM operation: HandshakeAllThreads (HandshakeForDeflation) done
Event: 120.226 Executing VM operation: RendezvousGCThreads
Event: 120.226 Executing VM operation: RendezvousGCThreads done
Event: 180.316 Executing VM operation: HandshakeAllThreads (HandshakeForDeflation)
Event: 180.317 Executing VM operation: HandshakeAllThreads (HandshakeForDeflation) done
Event: 180.317 Executing VM operation: RendezvousGCThreads
Event: 180.317 Executing VM operation: RendezvousGCThreads done
Event: 240.403 Executing VM operation: HandshakeAllThreads (HandshakeForDeflation)
Event: 240.403 Executing VM operation: HandshakeAllThreads (HandshakeForDeflation) done
Event: 240.403 Executing VM operation: RendezvousGCThreads
Event: 240.403 Executing VM operation: RendezvousGCThreads done
Event: 269.675 Executing VM operation: HandshakeAllThreads (Deoptimize)
Event: 269.675 Executing VM operation: HandshakeAllThreads (Deoptimize) done
Event: 269.694 Executing VM operation: HandshakeAllThreads (Deoptimize)
Event: 269.694 Executing VM operation: HandshakeAllThreads (Deoptimize) done
Event: 300.578 Executing VM operation: HandshakeAllThreads (HandshakeForDeflation)
Event: 300.578 Executing VM operation: HandshakeAllThreads (HandshakeForDeflation) done
Event: 300.578 Executing VM operation: RendezvousGCThreads
Event: 300.578 Executing VM operation: RendezvousGCThreads done

Memory protections (0 events):
No events

Nmethod flushes (0 events):
No events

Events (17 events):
Event: 0.029 Thread 0x000001fec74ef5c0 Thread added: 0x000001fec74ef5c0
Event: 0.040 Thread 0x000001fec74ef5c0 Thread added: 0x000001fee64ffd20
Event: 0.040 Thread 0x000001fec74ef5c0 Thread added: 0x000001fee6500b40
Event: 0.041 Thread 0x000001fec74ef5c0 Thread added: 0x000001fee65042b0
Event: 0.041 Thread 0x000001fec74ef5c0 Thread added: 0x000001fee6506fe0
Event: 0.041 Thread 0x000001fec74ef5c0 Thread added: 0x000001fee6507c00
Event: 0.041 Thread 0x000001fec74ef5c0 Thread added: 0x000001fee6509870
Event: 0.041 Thread 0x000001fec74ef5c0 Thread added: 0x000001fee651dcd0
Event: 0.041 Thread 0x000001fec74ef5c0 Thread added: 0x000001fee652b050
Event: 0.046 Thread 0x000001fec74ef5c0 Thread added: 0x000001fee65bae40
Event: 0.047 Thread 0x000001fec74ef5c0 Thread added: 0x000001fee65c0db0
Event: 269.604 Thread 0x000001fec74ef5c0 Thread added: 0x000001fee6e85760
Event: 269.605 Thread 0x000001fec74ef5c0 Thread added: 0x000001fee66ad0b0
Event: 269.606 Thread 0x000001fec74ef5c0 Thread added: 0x000001fee6dac8a0
Event: 269.684 Thread 0x000001fec74ef5c0 Thread added: 0x000001fee6bc6940
Event: 269.786 Thread 0x000001fec74ef5c0 Thread added: 0x000001fee6f1fda0
Event: 274.689 Thread 0x000001fee6bc6940 Thread exited: 0x000001fee6bc6940


Dynamic libraries:
0x00007ff69c600000 - 0x00007ff69c60e000 	C:\Program Files\Apache NetBeans\jdk\bin\java.exe
0x00007ffebf3e0000 - 0x00007ffebf647000 	C:\Windows\SYSTEM32\ntdll.dll
0x00007ffebdf50000 - 0x00007ffebe019000 	C:\Windows\System32\KERNEL32.DLL
0x00007ffebc670000 - 0x00007ffebca60000 	C:\Windows\System32\KERNELBASE.dll
0x00007ffebcbe0000 - 0x00007ffebcd2b000 	C:\Windows\System32\ucrtbase.dll
0x00007ffeb7420000 - 0x00007ffeb743e000 	C:\Program Files\Apache NetBeans\jdk\bin\VCRUNTIME140.dll
0x00007ffeb72f0000 - 0x00007ffeb7306000 	C:\Program Files\Apache NetBeans\jdk\bin\jli.dll
0x00007ffebf1d0000 - 0x00007ffebf395000 	C:\Windows\System32\USER32.dll
0x00007ffe9b0c0000 - 0x00007ffe9b35a000 	C:\Windows\WinSxS\amd64_microsoft.windows.common-controls_6595b64144ccf1df_6.0.26100.4768_none_3e0c112ce331287c\COMCTL32.dll
0x00007ffebca70000 - 0x00007ffebca97000 	C:\Windows\System32\win32u.dll
0x00007ffebf120000 - 0x00007ffebf1c9000 	C:\Windows\System32\msvcrt.dll
0x00007ffebdc40000 - 0x00007ffebdc6b000 	C:\Windows\System32\GDI32.dll
0x00007ffebcaa0000 - 0x00007ffebcbd8000 	C:\Windows\System32\gdi32full.dll
0x00007ffebcd30000 - 0x00007ffebcdd3000 	C:\Windows\System32\msvcp_win.dll
0x00007ffebd170000 - 0x00007ffebd19f000 	C:\Windows\System32\IMM32.DLL
0x00007ffeb7390000 - 0x00007ffeb739c000 	C:\Program Files\Apache NetBeans\jdk\bin\vcruntime140_1.dll
0x00007ffea0280000 - 0x00007ffea030d000 	C:\Program Files\Apache NetBeans\jdk\bin\msvcp140.dll
0x00007ffea05b0000 - 0x00007ffea142c000 	C:\Program Files\Apache NetBeans\jdk\bin\server\jvm.dll
0x00007ffebde00000 - 0x00007ffebdeb4000 	C:\Windows\System32\ADVAPI32.dll
0x00007ffebe490000 - 0x00007ffebe536000 	C:\Windows\System32\sechost.dll
0x00007ffebe620000 - 0x00007ffebe738000 	C:\Windows\System32\RPCRT4.dll
0x00007ffebdc70000 - 0x00007ffebdce4000 	C:\Windows\System32\WS2_32.dll
0x00007ffebc370000 - 0x00007ffebc3ce000 	C:\Windows\SYSTEM32\POWRPROF.dll
0x00007ffeb0fd0000 - 0x00007ffeb1005000 	C:\Windows\SYSTEM32\WINMM.dll
0x00007ffeb1010000 - 0x00007ffeb101b000 	C:\Windows\SYSTEM32\VERSION.dll
0x00007ffebc350000 - 0x00007ffebc364000 	C:\Windows\SYSTEM32\UMPDC.dll
0x00007ffebb290000 - 0x00007ffebb2ab000 	C:\Windows\SYSTEM32\kernel.appcore.dll
0x00007ffeb7320000 - 0x00007ffeb732a000 	C:\Program Files\Apache NetBeans\jdk\bin\jimage.dll
0x00007ffeb1030000 - 0x00007ffeb1271000 	C:\Windows\SYSTEM32\DBGHELP.DLL
0x00007ffebd8b0000 - 0x00007ffebdc35000 	C:\Windows\System32\combase.dll
0x00007ffebe2f0000 - 0x00007ffebe3d0000 	C:\Windows\System32\OLEAUT32.dll
0x00007ffeafef0000 - 0x00007ffeaff33000 	C:\Windows\SYSTEM32\dbgcore.DLL
0x00007ffebc510000 - 0x00007ffebc5a9000 	C:\Windows\System32\bcryptPrimitives.dll
0x00007ffeb7330000 - 0x00007ffeb734e000 	C:\Program Files\Apache NetBeans\jdk\bin\java.dll
0x00007ffebe020000 - 0x00007ffebe1c0000 	C:\Windows\System32\ole32.dll
0x00007ffebe7b0000 - 0x00007ffebeefd000 	C:\Windows\System32\SHELL32.dll
0x00007ffebce70000 - 0x00007ffebcfe3000 	C:\Windows\System32\wintypes.dll
0x00007ffeba130000 - 0x00007ffeba990000 	C:\Windows\SYSTEM32\windows.storage.dll
0x00007ffebdcf0000 - 0x00007ffebdde5000 	C:\Windows\System32\SHCORE.dll
0x00007ffebe740000 - 0x00007ffebe7aa000 	C:\Windows\System32\shlwapi.dll
0x00007ffebc430000 - 0x00007ffebc459000 	C:\Windows\SYSTEM32\profapi.dll
0x00007ffea04d0000 - 0x00007ffea05a7000 	C:\Program Files\Apache NetBeans\jdk\bin\jsvml.dll
0x00007ffeb72e0000 - 0x00007ffeb72f0000 	C:\Program Files\Apache NetBeans\jdk\bin\net.dll
0x00007ffebb820000 - 0x00007ffebb88b000 	C:\Windows\system32\mswsock.dll
0x00007ffea04b0000 - 0x00007ffea04c6000 	C:\Program Files\Apache NetBeans\jdk\bin\nio.dll
0x00007ffea7e50000 - 0x00007ffea7e67000 	C:\Program Files\Apache NetBeans\jdk\bin\zip.dll
0x00007ffea0310000 - 0x00007ffea048e000 	C:\Program Files\Apache NetBeans\jdk\bin\awt.dll
0x00007ffeb9670000 - 0x00007ffeb970e000 	C:\Windows\SYSTEM32\apphelp.dll
0x00007ffeb9750000 - 0x00007ffeb97ff000 	C:\Windows\system32\uxtheme.dll
0x00007ffebef00000 - 0x00007ffebf061000 	C:\Windows\System32\MSCTF.dll
0x00007ffeb9a80000 - 0x00007ffeb9ab5000 	C:\Windows\system32\DWMAPI.DLL
0x00007ffe75b20000 - 0x00007ffe75ba7000 	C:\Program Files\Apache NetBeans\jdk\bin\freetype.dll
0x00007ffe75a30000 - 0x00007ffe75b19000 	C:\Program Files\Apache NetBeans\jdk\bin\fontmanager.dll
0x00007ffe75bb0000 - 0x00007ffe75cc8000 	C:\Windows\system32\opengl32.dll
0x00007ffea0250000 - 0x00007ffea027d000 	C:\Windows\SYSTEM32\GLU32.dll
0x00007ffeb9850000 - 0x00007ffeb989d000 	C:\Windows\SYSTEM32\dxcore.dll
0x00007ffeb2420000 - 0x00007ffeb2571000 	C:\Windows\SYSTEM32\textinputframework.dll

JVMTI agents: none

dbghelp: loaded successfully - version: 4.0.5 - missing functions: none
symbol engine: initialized successfully - sym options: 0x614 - pdb path: .;C:\Program Files\Apache NetBeans\jdk\bin;C:\Windows\SYSTEM32;C:\Windows\WinSxS\amd64_microsoft.windows.common-controls_6595b64144ccf1df_6.0.26100.4768_none_3e0c112ce331287c;C:\Program Files\Apache NetBeans\jdk\bin\server

VM Arguments:
jvm_args: -Dfile.encoding=UTF-8 
java_command: assignmentPOE.Main
java_class_path (initial): C:\Users\RC_Student_Lab\Downloads\json-simple-1.1.1.jar;C:\Users\RC_Student_Lab\Documents\NetBeansProjects\Part-1\build\classes
Launcher Type: SUN_STANDARD

[Global flags]
     intx CICompilerCount                          = 3                                         {product} {ergonomic}
     uint ConcGCThreads                            = 1                                         {product} {ergonomic}
     uint G1ConcRefinementThreads                  = 4                                         {product} {ergonomic}
   size_t G1HeapRegionSize                         = 2097152                                   {product} {ergonomic}
   size_t InitialHeapSize                          = 268435456                                 {product} {ergonomic}
   size_t MarkStackSize                            = 4194304                                   {product} {ergonomic}
   size_t MarkStackSizeMax                         = 536870912                                 {product} {ergonomic}
   size_t MaxHeapSize                              = 4294967296                                {product} {ergonomic}
   size_t MaxNewSize                               = 2575302656                                {product} {ergonomic}
   size_t MinHeapDeltaBytes                        = 2097152                                   {product} {ergonomic}
   size_t MinHeapSize                              = 8388608                                   {product} {ergonomic}
    uintx NonNMethodCodeHeapSize                   = 5832704                                {pd product} {ergonomic}
    uintx NonProfiledCodeHeapSize                  = 122945536                              {pd product} {ergonomic}
    uintx ProfiledCodeHeapSize                     = 122880000                              {pd product} {ergonomic}
    uintx ReservedCodeCacheSize                    = 251658240                              {pd product} {ergonomic}
     bool SegmentedCodeCache                       = true                                      {product} {ergonomic}
   size_t SoftMaxHeapSize                          = 4294967296                             {manageable} {ergonomic}
     bool UseCompressedOops                        = true                           {product lp64_product} {ergonomic}
     bool UseG1GC                                  = true                                      {product} {ergonomic}
     bool UseLargePagesIndividualAllocation        = false                                  {pd product} {ergonomic}

Logging:
Log output configuration:
 #0: stdout all=warning uptime,level,tags foldmultilines=false
 #1: stderr all=off uptime,level,tags foldmultilines=false

Environment Variables:
PATH=C:\Program Files\Common Files\Oracle\Java\javapath;C:\Windows\system32;C:\Windows;C:\Windows\System32\Wbem;C:\Windows\System32\WindowsPowerShell\v1.0\;C:\Windows\System32\OpenSSH\;C:\Program Files (x86)\Microsoft SQL Server\160\Tools\Binn\;C:\Program Files\Microsoft SQL Server\160\Tools\Binn\;C:\Program Files\Microsoft SQL Server\Client SDK\ODBC\170\Tools\Binn\;C:\Program Files\Microsoft SQL Server\160\DTS\Binn\;C:\Users\RC_Student_Lab\AppData\Local\Microsoft\WindowsApps;C:\Users\RC_Student_Lab\AppData\Local\Programs\Microsoft VS Code\bin;C:\Users\RC_Student_Lab\AppData\Local\GitHubDesktop\bin;C:\Program Files (x86)\MongoDB Atlas CLI\
USERNAME=RC_Student_Lab
OS=Windows_NT
PROCESSOR_IDENTIFIER=Intel64 Family 6 Model 85 Stepping 7, GenuineIntel
TMP=C:\Users\RC_STU~1\AppData\Local\Temp
TEMP=C:\Users\RC_STU~1\AppData\Local\Temp




Periodic native trim disabled

---------------  S Y S T E M  ---------------

OS:
 Windows 11 , 64 bit Build 26100 (10.0.26100.4768)
OS uptime: 0 days 1:23 hours
Hyper-V virtualization detected

CPU: total 4 (initial active 4) (2 cores per cpu, 2 threads per core) family 6 model 85 stepping 7 microcode 0xffffffff, cx8, cmov, fxsr, ht, mmx, 3dnowpref, sse, sse2, sse3, ssse3, sse4.1, sse4.2, popcnt, lzcnt, tsc, avx, avx2, aes, erms, clmul, bmi1, bmi2, rtm, adx, avx512f, avx512dq, avx512cd, avx512bw, avx512vl, fma, vzeroupper, avx512_vnni, clflush, clflushopt, clwb, hv, rdtscp, f16c
Processor Information for the first 4 processors :
  Max Mhz: 2594, Current Mhz: 2594, Mhz Limit: 2594

Memory: 4k page, system-wide physical 16382M (10003M free)
TotalPageFile size 19326M (AvailPageFile size 11660M)
current process WorkingSet (physical memory assigned to process): 65M, peak: 70M
current process commit charge ("private bytes"): 345M, peak: 350M

vm_info: OpenJDK 64-Bit Server VM (24.0.2+12) for windows-amd64 JRE (24.0.2+12) (Zulu24.32+13-CA), built on 2025-07-11T12:45:44Z with MS VC++ 17.1 (VS2022)

END.
